Build started 2018/1/15 15:35:25.
     1>Project "D:\c++learning\c-learning\chapter4\chapter6\chapter6.vcxproj" on node 2 (Build target(s)).
     1>Link:
         D:\vs2012\VC\bin\link.exe /ERRORREPORT:PROMPT /OUT:"D:\c++learning\c-learning\chapter4\Debug\chapter6_function.exe" /INCREMENTAL /NOLOGO kernel32.lib user32.lib gdi32.lib winspool.lib comdlg32.lib advapi32.lib shell32.lib ole32.lib oleaut32.lib uuid.lib odbc32.lib odbccp32.lib /MANIFEST /MANIFESTUAC:"level='asInvoker' uiAccess='false'" /manifest:embed /DEBUG /PDB:"D:\c++learning\c-learning\chapter4\Debug\chapter6_function.pdb" /SUBSYSTEM:CONSOLE /TLBID:1 /DYNAMICBASE /NXCOMPAT /IMPLIB:"D:\c++learning\c-learning\chapter4\Debug\chapter6_function.lib" /MACHINE:X86 Debug\chapter6_function.obj
         Debug\stdafx.obj
     1>MSVCRTD.lib(crtexe.obj) : error LNK2019: unresolved external symbol _main referenced in function ___tmainCRTStartup
     1>D:\c++learning\c-learning\chapter4\Debug\chapter6_function.exe : fatal error LNK1120: 1 unresolved externals
     1>Done Building Project "D:\c++learning\c-learning\chapter4\chapter6\chapter6.vcxproj" (Build target(s)) -- FAILED.

Build FAILED.

Time Elapsed 00:00:00.34
